(0.001) 
            SELECT name, type FROM sqlite_master
            WHERE type in ('table', 'view') AND NOT name='sqlite_sequence'
            ORDER BY name; args=None
(0.000) SELECT "django_migrations"."app", "django_migrations"."name" FROM "django_migrations"; args=()
(0.000) BEGIN; args=None
(0.001) DELETE FROM "gitpull_sshauth"; args=()
(0.000) BEGIN; args=None
(0.001) DELETE FROM "gitpull_sshauth"; args=()
(0.000) BEGIN; args=None
(0.001) DELETE FROM "gitpull_sshauth"; args=()
(0.000) BEGIN; args=None
(0.002) DELETE FROM "gitpull_sshauth"; args=()
(0.000) BEGIN; args=None
(0.007) DELETE FROM "gitpull_sshauth"; args=()
(0.000) BEGIN; args=None
(0.001) DELETE FROM "gitpull_sshauth"; args=()
(0.000) BEGIN; args=None
(0.001) DELETE FROM "gitpull_sshauth"; args=()
(0.000) BEGIN; args=None
(0.001) DELETE FROM "gitpull_sshauth"; args=()
(0.000) BEGIN; args=None
(0.001) DELETE FROM "gitpull_sshauth"; args=()
(0.000) BEGIN; args=None
(0.004) DELETE FROM "gitpull_sshauth"; args=()
(0.000) BEGIN; args=None
(0.002) DELETE FROM "gitpull_sshauth"; args=()
(0.000) BEGIN; args=None
(0.002) DELETE FROM "gitpull_sshauth"; args=()
(0.000) BEGIN; args=None
(0.003) DELETE FROM "gitpull_sshauth"; args=()
(0.000) BEGIN; args=None
(0.001) DELETE FROM "gitpull_sshauth"; args=()
(0.000) BEGIN; args=None
(0.003) DELETE FROM "gitpull_sshauth"; args=()
(0.000) BEGIN; args=None
(0.002) DELETE FROM "gitpull_sshauth"; args=()
(0.000) BEGIN; args=None
(0.002) DELETE FROM "gitpull_sshauth"; args=()
(0.000) BEGIN; args=None
(0.001) DELETE FROM "gitpull_sshauth"; args=()
(0.000) BEGIN; args=None
(0.001) DELETE FROM "gitpull_sshauth"; args=()
(0.000) BEGIN; args=None
(0.026) DELETE FROM "gitpull_sshauth"; args=()
(0.000) BEGIN; args=None
(0.001) DELETE FROM "gitpull_sshauth"; args=()
(0.000) BEGIN; args=None
(0.001) DELETE FROM "gitpull_sshauth"; args=()
(0.000) BEGIN; args=None
(0.003) DELETE FROM "gitpull_sshauth"; args=()
(0.000) BEGIN; args=None
(0.003) DELETE FROM "gitpull_sshauth"; args=()
(0.000) BEGIN; args=None
(0.002) DELETE FROM "gitpull_sshauth"; args=()
(0.000) BEGIN; args=None
(2.876) DELETE FROM "gitpull_sshauth"; args=()
(0.000) BEGIN; args=None
(0.002) DELETE FROM "gitpull_sshauth"; args=()
(0.000) BEGIN; args=None
(0.009) DELETE FROM "gitpull_sshauth"; args=()
(0.000) BEGIN; args=None
(0.001) DELETE FROM "gitpull_sshauth"; args=()
(0.000) BEGIN; args=None
(0.002) DELETE FROM "gitpull_sshauth"; args=()
(0.000) BEGIN; args=None
(0.002) DELETE FROM "gitpull_sshauth"; args=()
(0.000) BEGIN; args=None
(0.002) DELETE FROM "gitpull_sshauth"; args=()
(0.000) BEGIN; args=None
(0.001) DELETE FROM "gitpull_sshauth"; args=()
(0.000) BEGIN; args=None
(0.001) DELETE FROM "gitpull_sshauth"; args=()
(0.000) BEGIN; args=None
(0.012) DELETE FROM "gitpull_sshauth"; args=()
(0.000) BEGIN; args=None
(0.003) DELETE FROM "gitpull_sshauth"; args=()
(0.000) BEGIN; args=None
(0.003) DELETE FROM "gitpull_sshauth"; args=()
(0.000) BEGIN; args=None
(0.014) DELETE FROM "gitpull_sshauth"; args=()
(0.000) BEGIN; args=None
(0.003) DELETE FROM "gitpull_sshauth"; args=()
(0.000) BEGIN; args=None
(0.004) DELETE FROM "gitpull_sshauth"; args=()
(0.000) BEGIN; args=None
(0.001) DELETE FROM "gitpull_sshauth"; args=()
(0.000) BEGIN; args=None
(0.003) DELETE FROM "gitpull_sshauth"; args=()
(0.000) BEGIN; args=None
(0.001) DELETE FROM "gitpull_sshauth"; args=()
(0.000) BEGIN; args=None
(0.001) DELETE FROM "gitpull_sshauth"; args=()
(0.000) BEGIN; args=None
(0.001) DELETE FROM "gitpull_sshauth"; args=()
(0.000) BEGIN; args=None
(0.001) DELETE FROM "gitpull_sshauth"; args=()
(0.000) BEGIN; args=None
(0.001) DELETE FROM "gitpull_sshauth"; args=()
(0.000) BEGIN; args=None
(0.001) DELETE FROM "gitpull_sshauth"; args=()
(0.000) BEGIN; args=None
(0.001) DELETE FROM "gitpull_sshauth"; args=()
(0.000) BEGIN; args=None
(0.001) DELETE FROM "gitpull_sshauth"; args=()
(0.000) BEGIN; args=None
(0.001) DELETE FROM "gitpull_sshauth"; args=()
(0.000) BEGIN; args=None
(0.001) DELETE FROM "gitpull_sshauth"; args=()
(0.000) BEGIN; args=None
(0.019) DELETE FROM "gitpull_sshauth"; args=()
(0.000) BEGIN; args=None
(0.001) DELETE FROM "gitpull_sshauth"; args=()
(0.000) BEGIN; args=None
(0.001) DELETE FROM "gitpull_sshauth"; args=()
(0.000) BEGIN; args=None
(0.019) DELETE FROM "gitpull_sshauth"; args=()
(0.000) BEGIN; args=None
(0.001) DELETE FROM "gitpull_sshauth"; args=()
(0.000) BEGIN; args=None
(0.001) DELETE FROM "gitpull_sshauth"; args=()
(0.000) BEGIN; args=None
(0.006) DELETE FROM "gitpull_sshauth"; args=()
(0.000) BEGIN; args=None
(0.001) DELETE FROM "gitpull_sshauth"; args=()
(0.000) BEGIN; args=None
(0.001) DELETE FROM "gitpull_sshauth"; args=()
(0.000) BEGIN; args=None
(0.004) DELETE FROM "gitpull_sshauth"; args=()
(0.000) BEGIN; args=None
(0.001) DELETE FROM "gitpull_sshauth"; args=()
(0.000) BEGIN; args=None
(0.003) DELETE FROM "gitpull_sshauth"; args=()
(0.000) BEGIN; args=None
(0.001) DELETE FROM "gitpull_sshauth"; args=()
(0.000) BEGIN; args=None
(0.001) DELETE FROM "gitpull_sshauth"; args=()
(0.000) BEGIN; args=None
(0.001) DELETE FROM "gitpull_sshauth"; args=()
(0.000) BEGIN; args=None
(0.001) DELETE FROM "gitpull_sshauth"; args=()
(0.000) BEGIN; args=None
(0.004) DELETE FROM "gitpull_sshauth"; args=()
(0.000) BEGIN; args=None
(0.001) DELETE FROM "gitpull_sshauth"; args=()
(0.000) BEGIN; args=None
(0.003) DELETE FROM "gitpull_sshauth"; args=()
(0.000) BEGIN; args=None
(0.001) DELETE FROM "gitpull_sshauth"; args=()
(0.000) BEGIN; args=None
(0.001) DELETE FROM "gitpull_sshauth"; args=()
(0.000) BEGIN; args=None
(0.001) DELETE FROM "gitpull_sshauth"; args=()
(0.000) BEGIN; args=None
(0.001) DELETE FROM "gitpull_sshauth"; args=()
(0.000) BEGIN; args=None
(0.003) DELETE FROM "gitpull_sshauth"; args=()
(0.000) BEGIN; args=None
(0.009) DELETE FROM "gitpull_sshauth"; args=()
(0.000) BEGIN; args=None
(0.002) DELETE FROM "gitpull_sshauth"; args=()
(0.000) BEGIN; args=None
(0.006) DELETE FROM "gitpull_sshauth"; args=()
(0.000) BEGIN; args=None
(0.001) DELETE FROM "gitpull_sshauth"; args=()
(0.000) BEGIN; args=None
(0.001) DELETE FROM "gitpull_sshauth"; args=()
(0.000) BEGIN; args=None
(0.001) DELETE FROM "gitpull_sshauth"; args=()
(0.000) BEGIN; args=None
(0.001) DELETE FROM "gitpull_sshauth"; args=()
(0.000) BEGIN; args=None
(0.001) DELETE FROM "gitpull_sshauth"; args=()
(0.000) BEGIN; args=None
(0.001) DELETE FROM "gitpull_sshauth"; args=()
(0.000) BEGIN; args=None
(0.001) DELETE FROM "gitpull_sshauth"; args=()
(0.000) BEGIN; args=None
(0.001) DELETE FROM "gitpull_sshauth"; args=()
(0.000) BEGIN; args=None
(0.003) DELETE FROM "gitpull_sshauth"; args=()
(0.000) BEGIN; args=None
(0.004) DELETE FROM "gitpull_sshauth"; args=()
(0.000) BEGIN; args=None
(0.003) DELETE FROM "gitpull_sshauth"; args=()
(0.000) BEGIN; args=None
(0.001) DELETE FROM "gitpull_sshauth"; args=()
(0.000) BEGIN; args=None
(0.035) DELETE FROM "gitpull_sshauth"; args=()
(0.000) BEGIN; args=None
(0.001) DELETE FROM "gitpull_sshauth"; args=()
(0.000) BEGIN; args=None
(0.001) DELETE FROM "gitpull_sshauth"; args=()
(0.000) BEGIN; args=None
(0.001) DELETE FROM "gitpull_sshauth"; args=()
(0.000) BEGIN; args=None
(0.009) DELETE FROM "gitpull_sshauth"; args=()
(0.000) BEGIN; args=None
(0.001) DELETE FROM "gitpull_sshauth"; args=()
(0.000) BEGIN; args=None
(0.002) DELETE FROM "gitpull_sshauth"; args=()
(0.000) BEGIN; args=None
(0.003) DELETE FROM "gitpull_sshauth"; args=()
(0.000) BEGIN; args=None
(0.001) DELETE FROM "gitpull_sshauth"; args=()
(0.000) BEGIN; args=None
(0.008) DELETE FROM "gitpull_sshauth"; args=()
(0.000) BEGIN; args=None
(0.003) DELETE FROM "gitpull_sshauth"; args=()
(0.000) BEGIN; args=None
(0.001) DELETE FROM "gitpull_sshauth"; args=()
(0.000) BEGIN; args=None
(0.010) DELETE FROM "gitpull_sshauth"; args=()
(0.000) BEGIN; args=None
(0.001) DELETE FROM "gitpull_sshauth"; args=()
(0.000) BEGIN; args=None
(0.010) DELETE FROM "gitpull_sshauth"; args=()
(0.000) BEGIN; args=None
(0.005) DELETE FROM "gitpull_sshauth"; args=()
(0.000) BEGIN; args=None
(0.002) DELETE FROM "gitpull_sshauth"; args=()
(0.000) BEGIN; args=None
(0.003) DELETE FROM "gitpull_sshauth"; args=()
(0.000) BEGIN; args=None
(0.001) DELETE FROM "gitpull_sshauth"; args=()
(0.000) BEGIN; args=None
(0.001) DELETE FROM "gitpull_sshauth"; args=()
(0.000) BEGIN; args=None
(0.001) DELETE FROM "gitpull_sshauth"; args=()
(0.000) BEGIN; args=None
(0.001) DELETE FROM "gitpull_sshauth"; args=()
(0.000) BEGIN; args=None
(0.002) DELETE FROM "gitpull_sshauth"; args=()
(0.000) BEGIN; args=None
(0.003) DELETE FROM "gitpull_sshauth"; args=()
(0.000) BEGIN; args=None
(0.003) DELETE FROM "gitpull_sshauth"; args=()
(0.000) BEGIN; args=None
(0.001) DELETE FROM "gitpull_sshauth"; args=()
(0.000) BEGIN; args=None
(0.004) DELETE FROM "gitpull_sshauth"; args=()
(0.000) BEGIN; args=None
(0.002) DELETE FROM "gitpull_sshauth"; args=()
(0.000) BEGIN; args=None
(0.001) DELETE FROM "gitpull_sshauth"; args=()
(0.000) BEGIN; args=None
(0.476) DELETE FROM "gitpull_sshauth"; args=()
(0.000) BEGIN; args=None
(0.004) DELETE FROM "gitpull_sshauth"; args=()
(0.000) BEGIN; args=None
(0.001) DELETE FROM "gitpull_sshauth"; args=()
(0.000) BEGIN; args=None
(0.012) DELETE FROM "gitpull_sshauth"; args=()
(0.000) BEGIN; args=None
(0.001) DELETE FROM "gitpull_sshauth"; args=()
(0.000) BEGIN; args=None
(0.001) DELETE FROM "gitpull_sshauth"; args=()
(0.000) BEGIN; args=None
(0.001) DELETE FROM "gitpull_sshauth"; args=()
(0.000) BEGIN; args=None
(0.001) DELETE FROM "gitpull_sshauth"; args=()
(0.000) BEGIN; args=None
(0.003) DELETE FROM "gitpull_sshauth"; args=()
(0.000) BEGIN; args=None
(0.001) DELETE FROM "gitpull_sshauth"; args=()
(0.000) BEGIN; args=None
(0.001) DELETE FROM "gitpull_sshauth"; args=()
(0.000) BEGIN; args=None
(0.003) DELETE FROM "gitpull_sshauth"; args=()
(0.000) BEGIN; args=None
(0.002) DELETE FROM "gitpull_sshauth"; args=()
(0.000) BEGIN; args=None
(0.001) DELETE FROM "gitpull_sshauth"; args=()
(0.000) BEGIN; args=None
(0.001) DELETE FROM "gitpull_sshauth"; args=()
(0.000) BEGIN; args=None
(0.003) DELETE FROM "gitpull_sshauth"; args=()
(0.000) BEGIN; args=None
(0.004) DELETE FROM "gitpull_sshauth"; args=()
(0.000) BEGIN; args=None
(0.003) DELETE FROM "gitpull_sshauth"; args=()
(0.000) BEGIN; args=None
(0.001) DELETE FROM "gitpull_sshauth"; args=()
(0.000) BEGIN; args=None
(0.002) DELETE FROM "gitpull_sshauth"; args=()
(0.000) BEGIN; args=None
(0.001) DELETE FROM "gitpull_sshauth"; args=()
(0.000) BEGIN; args=None
(0.001) DELETE FROM "gitpull_sshauth"; args=()
(0.000) BEGIN; args=None
(0.007) DELETE FROM "gitpull_sshauth"; args=()
(0.000) BEGIN; args=None
(0.001) DELETE FROM "gitpull_sshauth"; args=()
(0.000) BEGIN; args=None
(0.001) DELETE FROM "gitpull_sshauth"; args=()
(0.000) BEGIN; args=None
(0.062) DELETE FROM "gitpull_sshauth"; args=()
(0.000) BEGIN; args=None
(0.001) DELETE FROM "gitpull_sshauth"; args=()
(0.000) BEGIN; args=None
(0.001) DELETE FROM "gitpull_sshauth"; args=()
(0.000) BEGIN; args=None
(0.002) DELETE FROM "gitpull_sshauth"; args=()
(0.000) BEGIN; args=None
(0.001) DELETE FROM "gitpull_sshauth"; args=()
(0.000) BEGIN; args=None
(0.001) DELETE FROM "gitpull_sshauth"; args=()
(0.000) BEGIN; args=None
(0.003) DELETE FROM "gitpull_sshauth"; args=()
(0.000) BEGIN; args=None
(0.003) DELETE FROM "gitpull_sshauth"; args=()
(0.000) BEGIN; args=None
(0.001) DELETE FROM "gitpull_sshauth"; args=()
(0.000) BEGIN; args=None
(0.007) DELETE FROM "gitpull_sshauth"; args=()
(0.000) BEGIN; args=None
(0.015) DELETE FROM "gitpull_sshauth"; args=()
(0.000) BEGIN; args=None
(0.001) DELETE FROM "gitpull_sshauth"; args=()
(0.000) BEGIN; args=None
(0.003) DELETE FROM "gitpull_sshauth"; args=()
(0.000) BEGIN; args=None
(0.001) DELETE FROM "gitpull_sshauth"; args=()
(0.000) BEGIN; args=None
(0.003) DELETE FROM "gitpull_sshauth"; args=()
(0.000) BEGIN; args=None
(0.001) DELETE FROM "gitpull_sshauth"; args=()
(0.000) BEGIN; args=None
(0.002) DELETE FROM "gitpull_sshauth"; args=()
(0.000) BEGIN; args=None
(0.002) DELETE FROM "gitpull_sshauth"; args=()
(0.000) BEGIN; args=None
(0.004) DELETE FROM "gitpull_sshauth"; args=()
(0.000) BEGIN; args=None
(0.002) DELETE FROM "gitpull_sshauth"; args=()
(0.000) BEGIN; args=None
(0.003) DELETE FROM "gitpull_sshauth"; args=()
(0.000) BEGIN; args=None
(0.001) DELETE FROM "gitpull_sshauth"; args=()
(0.000) BEGIN; args=None
(0.002) DELETE FROM "gitpull_sshauth"; args=()
(0.000) BEGIN; args=None
(0.003) DELETE FROM "gitpull_sshauth"; args=()
(0.000) BEGIN; args=None
(0.001) DELETE FROM "gitpull_sshauth"; args=()
(0.000) BEGIN; args=None
(0.003) DELETE FROM "gitpull_sshauth"; args=()
(0.000) BEGIN; args=None
(0.001) DELETE FROM "gitpull_sshauth"; args=()
(0.000) BEGIN; args=None
(0.001) DELETE FROM "gitpull_sshauth"; args=()
(0.000) BEGIN; args=None
(0.001) DELETE FROM "gitpull_sshauth"; args=()
(0.000) BEGIN; args=None
(0.001) DELETE FROM "gitpull_sshauth"; args=()
(0.000) BEGIN; args=None
(0.004) DELETE FROM "gitpull_sshauth"; args=()
(0.000) BEGIN; args=None
(0.001) DELETE FROM "gitpull_sshauth"; args=()
(0.000) BEGIN; args=None
(0.006) DELETE FROM "gitpull_sshauth"; args=()
(0.000) BEGIN; args=None
(0.002) DELETE FROM "gitpull_sshauth"; args=()
(0.000) BEGIN; args=None
(0.001) DELETE FROM "gitpull_sshauth"; args=()
(0.000) BEGIN; args=None
(0.002) DELETE FROM "gitpull_sshauth"; args=()
(0.000) BEGIN; args=None
(0.050) DELETE FROM "gitpull_sshauth"; args=()
(0.000) BEGIN; args=None
(0.001) DELETE FROM "gitpull_sshauth"; args=()
(0.000) BEGIN; args=None
(0.002) DELETE FROM "gitpull_sshauth"; args=()
(0.000) BEGIN; args=None
(0.006) DELETE FROM "gitpull_sshauth"; args=()
(0.000) BEGIN; args=None
(0.001) DELETE FROM "gitpull_sshauth"; args=()
(0.000) BEGIN; args=None
(0.001) DELETE FROM "gitpull_sshauth"; args=()
(0.000) BEGIN; args=None
(0.001) DELETE FROM "gitpull_sshauth"; args=()
(0.000) BEGIN; args=None
(0.003) DELETE FROM "gitpull_sshauth"; args=()
(0.000) BEGIN; args=None
(0.002) DELETE FROM "gitpull_sshauth"; args=()
(0.000) BEGIN; args=None
(0.001) DELETE FROM "gitpull_sshauth"; args=()
(0.000) BEGIN; args=None
(0.002) DELETE FROM "gitpull_sshauth"; args=()
(0.000) BEGIN; args=None
(0.003) DELETE FROM "gitpull_sshauth"; args=()
(0.000) BEGIN; args=None
(0.006) DELETE FROM "gitpull_sshauth"; args=()
(0.000) BEGIN; args=None
(0.003) DELETE FROM "gitpull_sshauth"; args=()
(0.000) BEGIN; args=None
(0.005) DELETE FROM "gitpull_sshauth"; args=()
(0.000) BEGIN; args=None
(0.005) DELETE FROM "gitpull_sshauth"; args=()
(0.000) BEGIN; args=None
(0.002) DELETE FROM "gitpull_sshauth"; args=()
(0.000) BEGIN; args=None
(0.002) DELETE FROM "gitpull_sshauth"; args=()
(0.000) BEGIN; args=None
(0.001) DELETE FROM "gitpull_sshauth"; args=()
(0.000) BEGIN; args=None
(0.001) DELETE FROM "gitpull_sshauth"; args=()
(0.000) BEGIN; args=None
(0.003) DELETE FROM "gitpull_sshauth"; args=()
(0.000) BEGIN; args=None
(0.007) DELETE FROM "gitpull_sshauth"; args=()
(0.000) BEGIN; args=None
(0.001) DELETE FROM "gitpull_sshauth"; args=()
(0.000) BEGIN; args=None
(0.002) DELETE FROM "gitpull_sshauth"; args=()
(0.000) BEGIN; args=None
(0.004) DELETE FROM "gitpull_sshauth"; args=()
(0.000) BEGIN; args=None
(0.001) DELETE FROM "gitpull_sshauth"; args=()
(0.000) BEGIN; args=None
(0.002) DELETE FROM "gitpull_sshauth"; args=()
(0.000) BEGIN; args=None
(0.004) DELETE FROM "gitpull_sshauth"; args=()
(0.000) BEGIN; args=None
(0.001) DELETE FROM "gitpull_sshauth"; args=()
(0.000) BEGIN; args=None
(0.001) DELETE FROM "gitpull_sshauth"; args=()
(0.000) BEGIN; args=None
(0.001) DELETE FROM "gitpull_sshauth"; args=()
(0.000) BEGIN; args=None
(0.001) DELETE FROM "gitpull_sshauth"; args=()
(0.000) BEGIN; args=None
(0.001) DELETE FROM "gitpull_sshauth"; args=()
(0.000) BEGIN; args=None
(0.004) DELETE FROM "gitpull_sshauth"; args=()
(0.000) BEGIN; args=None
(0.001) DELETE FROM "gitpull_sshauth"; args=()
(0.000) BEGIN; args=None
(0.003) DELETE FROM "gitpull_sshauth"; args=()
(0.000) BEGIN; args=None
(0.002) DELETE FROM "gitpull_sshauth"; args=()
(0.000) BEGIN; args=None
(0.001) DELETE FROM "gitpull_sshauth"; args=()
(0.000) BEGIN; args=None
(0.001) DELETE FROM "gitpull_sshauth"; args=()
(0.000) BEGIN; args=None
(0.001) DELETE FROM "gitpull_sshauth"; args=()
(0.000) BEGIN; args=None
(0.001) DELETE FROM "gitpull_sshauth"; args=()
(0.000) BEGIN; args=None
(0.001) DELETE FROM "gitpull_sshauth"; args=()
(0.000) BEGIN; args=None
(0.088) DELETE FROM "gitpull_sshauth"; args=()
(0.000) BEGIN; args=None
(0.003) DELETE FROM "gitpull_sshauth"; args=()
(0.000) BEGIN; args=None
(0.003) DELETE FROM "gitpull_sshauth"; args=()
(0.000) BEGIN; args=None
(0.001) DELETE FROM "gitpull_sshauth"; args=()
(0.000) BEGIN; args=None
(0.001) DELETE FROM "gitpull_sshauth"; args=()
(0.000) BEGIN; args=None
(0.001) DELETE FROM "gitpull_sshauth"; args=()
(0.000) BEGIN; args=None
(0.001) DELETE FROM "gitpull_sshauth"; args=()
(0.000) BEGIN; args=None
(0.001) DELETE FROM "gitpull_sshauth"; args=()
(0.000) BEGIN; args=None
(0.002) DELETE FROM "gitpull_sshauth"; args=()
(0.000) BEGIN; args=None
(0.001) DELETE FROM "gitpull_sshauth"; args=()
(0.000) BEGIN; args=None
(0.003) DELETE FROM "gitpull_sshauth"; args=()
(0.000) BEGIN; args=None
(0.002) DELETE FROM "gitpull_sshauth"; args=()
(0.000) BEGIN; args=None
(0.001) DELETE FROM "gitpull_sshauth"; args=()
(0.000) BEGIN; args=None
(0.001) DELETE FROM "gitpull_sshauth"; args=()
(0.000) BEGIN; args=None
(0.015) DELETE FROM "gitpull_sshauth"; args=()
(0.000) BEGIN; args=None
(0.002) DELETE FROM "gitpull_sshauth"; args=()
(0.000) BEGIN; args=None
(0.001) DELETE FROM "gitpull_sshauth"; args=()
(0.000) BEGIN; args=None
(0.001) DELETE FROM "gitpull_sshauth"; args=()
(0.000) BEGIN; args=None
(0.002) DELETE FROM "gitpull_sshauth"; args=()
(0.000) BEGIN; args=None
(0.001) DELETE FROM "gitpull_sshauth"; args=()
(0.000) BEGIN; args=None
(0.001) DELETE FROM "gitpull_sshauth"; args=()
(0.000) BEGIN; args=None
(0.001) DELETE FROM "gitpull_sshauth"; args=()
(0.000) BEGIN; args=None
(0.001) DELETE FROM "gitpull_sshauth"; args=()
(0.000) BEGIN; args=None
(0.003) DELETE FROM "gitpull_sshauth"; args=()
(0.000) BEGIN; args=None
(0.001) DELETE FROM "gitpull_sshauth"; args=()
(0.000) BEGIN; args=None
(0.001) DELETE FROM "gitpull_sshauth"; args=()
(0.000) BEGIN; args=None
(0.003) DELETE FROM "gitpull_sshauth"; args=()
(0.000) BEGIN; args=None
(0.001) DELETE FROM "gitpull_sshauth"; args=()
(0.000) BEGIN; args=None
(0.003) DELETE FROM "gitpull_sshauth"; args=()
(0.000) BEGIN; args=None
(0.002) DELETE FROM "gitpull_sshauth"; args=()
(0.000) BEGIN; args=None
(0.007) DELETE FROM "gitpull_sshauth"; args=()
(0.000) BEGIN; args=None
(0.001) DELETE FROM "gitpull_sshauth"; args=()
(0.000) BEGIN; args=None
(0.001) DELETE FROM "gitpull_sshauth"; args=()
(0.000) BEGIN; args=None
(0.001) DELETE FROM "gitpull_sshauth"; args=()
(0.000) BEGIN; args=None
(0.002) DELETE FROM "gitpull_sshauth"; args=()
(0.000) BEGIN; args=None
(0.001) DELETE FROM "gitpull_sshauth"; args=()
(0.000) BEGIN; args=None
(0.051) DELETE FROM "gitpull_sshauth"; args=()
(0.000) BEGIN; args=None
(0.001) DELETE FROM "gitpull_sshauth"; args=()
(0.000) BEGIN; args=None
(0.006) DELETE FROM "gitpull_sshauth"; args=()
(0.000) BEGIN; args=None
(0.004) DELETE FROM "gitpull_sshauth"; args=()
(0.000) BEGIN; args=None
(0.001) DELETE FROM "gitpull_sshauth"; args=()
(0.000) BEGIN; args=None
(0.001) DELETE FROM "gitpull_sshauth"; args=()
(0.000) BEGIN; args=None
(0.010) DELETE FROM "gitpull_sshauth"; args=()
(0.000) BEGIN; args=None
(0.001) DELETE FROM "gitpull_sshauth"; args=()
(0.000) BEGIN; args=None
(0.002) DELETE FROM "gitpull_sshauth"; args=()
(0.000) BEGIN; args=None
(0.002) DELETE FROM "gitpull_sshauth"; args=()
(0.000) BEGIN; args=None
(0.001) DELETE FROM "gitpull_sshauth"; args=()
(0.000) BEGIN; args=None
(0.001) DELETE FROM "gitpull_sshauth"; args=()
(0.000) BEGIN; args=None
(0.001) DELETE FROM "gitpull_sshauth"; args=()
(0.000) BEGIN; args=None
(0.001) DELETE FROM "gitpull_sshauth"; args=()
(0.000) BEGIN; args=None
(0.003) DELETE FROM "gitpull_sshauth"; args=()
(0.000) BEGIN; args=None
(0.001) DELETE FROM "gitpull_sshauth"; args=()
(0.000) BEGIN; args=None
(0.003) DELETE FROM "gitpull_sshauth"; args=()
(0.000) BEGIN; args=None
(0.001) DELETE FROM "gitpull_sshauth"; args=()
(0.000) BEGIN; args=None
(0.001) DELETE FROM "gitpull_sshauth"; args=()
(0.000) BEGIN; args=None
(0.001) DELETE FROM "gitpull_sshauth"; args=()
(0.000) BEGIN; args=None
(0.006) DELETE FROM "gitpull_sshauth"; args=()
(0.000) BEGIN; args=None
(0.021) DELETE FROM "gitpull_sshauth"; args=()
(0.000) BEGIN; args=None
(0.003) DELETE FROM "gitpull_sshauth"; args=()
(0.000) BEGIN; args=None
(0.001) DELETE FROM "gitpull_sshauth"; args=()
(0.000) BEGIN; args=None
(0.001) DELETE FROM "gitpull_sshauth"; args=()
(0.000) BEGIN; args=None
(0.001) DELETE FROM "gitpull_sshauth"; args=()
(0.000) BEGIN; args=None
(0.001) DELETE FROM "gitpull_sshauth"; args=()
(0.000) BEGIN; args=None
(0.022) DELETE FROM "gitpull_sshauth"; args=()
(0.000) BEGIN; args=None
(0.003) DELETE FROM "gitpull_sshauth"; args=()
(0.000) BEGIN; args=None
(0.003) DELETE FROM "gitpull_sshauth"; args=()
(0.000) BEGIN; args=None
(0.090) DELETE FROM "gitpull_sshauth"; args=()
(0.000) BEGIN; args=None
(0.001) DELETE FROM "gitpull_sshauth"; args=()
(0.000) BEGIN; args=None
(0.001) DELETE FROM "gitpull_sshauth"; args=()
(0.000) BEGIN; args=None
(0.002) DELETE FROM "gitpull_sshauth"; args=()
(0.000) BEGIN; args=None
(0.006) DELETE FROM "gitpull_sshauth"; args=()
(0.000) BEGIN; args=None
(0.003) DELETE FROM "gitpull_sshauth"; args=()
(0.000) BEGIN; args=None
(0.010) DELETE FROM "gitpull_sshauth"; args=()
(0.000) BEGIN; args=None
(0.001) DELETE FROM "gitpull_sshauth"; args=()
(0.000) BEGIN; args=None
(0.001) DELETE FROM "gitpull_sshauth"; args=()
(0.000) BEGIN; args=None
(0.004) DELETE FROM "gitpull_sshauth"; args=()
(0.000) BEGIN; args=None
(0.002) DELETE FROM "gitpull_sshauth"; args=()
(0.000) BEGIN; args=None
(0.001) DELETE FROM "gitpull_sshauth"; args=()
(0.000) BEGIN; args=None
(0.017) DELETE FROM "gitpull_sshauth"; args=()
(0.000) BEGIN; args=None
(0.002) DELETE FROM "gitpull_sshauth"; args=()
(0.000) BEGIN; args=None
(0.009) DELETE FROM "gitpull_sshauth"; args=()
(0.003) BEGIN; args=None
(0.001) DELETE FROM "gitpull_sshauth"; args=()
(0.000) BEGIN; args=None
(0.001) DELETE FROM "gitpull_sshauth"; args=()
(0.000) BEGIN; args=None
(0.001) DELETE FROM "gitpull_sshauth"; args=()
(0.000) BEGIN; args=None
(0.002) DELETE FROM "gitpull_sshauth"; args=()
(0.000) BEGIN; args=None
(0.002) DELETE FROM "gitpull_sshauth"; args=()
(0.000) BEGIN; args=None
(0.003) DELETE FROM "gitpull_sshauth"; args=()
(0.000) BEGIN; args=None
(0.002) DELETE FROM "gitpull_sshauth"; args=()
(0.000) BEGIN; args=None
(0.001) DELETE FROM "gitpull_sshauth"; args=()
(0.000) BEGIN; args=None
(0.003) DELETE FROM "gitpull_sshauth"; args=()
(0.000) BEGIN; args=None
(0.001) DELETE FROM "gitpull_sshauth"; args=()
(0.000) BEGIN; args=None
(0.001) DELETE FROM "gitpull_sshauth"; args=()
(0.000) BEGIN; args=None
(0.001) DELETE FROM "gitpull_sshauth"; args=()
(0.000) BEGIN; args=None
(0.003) DELETE FROM "gitpull_sshauth"; args=()
(0.000) BEGIN; args=None
(0.001) DELETE FROM "gitpull_sshauth"; args=()
(0.000) BEGIN; args=None
(0.001) DELETE FROM "gitpull_sshauth"; args=()
(0.000) BEGIN; args=None
(0.001) DELETE FROM "gitpull_sshauth"; args=()
(0.000) BEGIN; args=None
(0.001) DELETE FROM "gitpull_sshauth"; args=()
(0.000) BEGIN; args=None
(0.005) DELETE FROM "gitpull_sshauth"; args=()
(0.000) BEGIN; args=None
(0.005) DELETE FROM "gitpull_sshauth"; args=()
(0.000) BEGIN; args=None
(0.003) DELETE FROM "gitpull_sshauth"; args=()
(0.000) BEGIN; args=None
(0.001) DELETE FROM "gitpull_sshauth"; args=()
(0.000) BEGIN; args=None
(0.004) DELETE FROM "gitpull_sshauth"; args=()
(0.000) BEGIN; args=None
(0.001) DELETE FROM "gitpull_sshauth"; args=()
(0.000) BEGIN; args=None
(0.001) DELETE FROM "gitpull_sshauth"; args=()
(0.000) BEGIN; args=None
(0.001) DELETE FROM "gitpull_sshauth"; args=()
(0.000) BEGIN; args=None
(0.001) DELETE FROM "gitpull_sshauth"; args=()
(0.000) BEGIN; args=None
(0.003) DELETE FROM "gitpull_sshauth"; args=()
(0.000) BEGIN; args=None
(0.003) DELETE FROM "gitpull_sshauth"; args=()
(0.000) BEGIN; args=None
(0.003) DELETE FROM "gitpull_sshauth"; args=()
(0.000) BEGIN; args=None
(0.001) DELETE FROM "gitpull_sshauth"; args=()
(0.000) BEGIN; args=None
(0.012) DELETE FROM "gitpull_sshauth"; args=()
(0.000) BEGIN; args=None
(0.004) DELETE FROM "gitpull_sshauth"; args=()
(0.000) BEGIN; args=None
(0.003) DELETE FROM "gitpull_sshauth"; args=()
(0.000) BEGIN; args=None
(0.001) DELETE FROM "gitpull_sshauth"; args=()
(0.000) BEGIN; args=None
(0.001) DELETE FROM "gitpull_sshauth"; args=()
(0.000) BEGIN; args=None
(0.001) DELETE FROM "gitpull_sshauth"; args=()
(0.000) BEGIN; args=None
(0.001) DELETE FROM "gitpull_sshauth"; args=()
(0.000) BEGIN; args=None
(0.001) DELETE FROM "gitpull_sshauth"; args=()
(0.000) BEGIN; args=None
(0.001) DELETE FROM "gitpull_sshauth"; args=()
(0.000) BEGIN; args=None
(0.001) DELETE FROM "gitpull_sshauth"; args=()
(0.000) BEGIN; args=None
(0.001) DELETE FROM "gitpull_sshauth"; args=()
(0.000) BEGIN; args=None
(0.001) DELETE FROM "gitpull_sshauth"; args=()
(0.000) BEGIN; args=None
(0.002) DELETE FROM "gitpull_sshauth"; args=()
(0.000) BEGIN; args=None
(0.001) DELETE FROM "gitpull_sshauth"; args=()
(0.000) BEGIN; args=None
(0.001) DELETE FROM "gitpull_sshauth"; args=()
(0.000) BEGIN; args=None
(0.012) DELETE FROM "gitpull_sshauth"; args=()
(0.000) BEGIN; args=None
(0.001) DELETE FROM "gitpull_sshauth"; args=()
(0.000) BEGIN; args=None
(0.001) DELETE FROM "gitpull_sshauth"; args=()
(0.000) BEGIN; args=None
(0.002) DELETE FROM "gitpull_sshauth"; args=()
(0.000) BEGIN; args=None
(0.001) DELETE FROM "gitpull_sshauth"; args=()
(0.000) BEGIN; args=None
(0.003) DELETE FROM "gitpull_sshauth"; args=()
(0.000) BEGIN; args=None
(0.003) DELETE FROM "gitpull_sshauth"; args=()
(0.000) BEGIN; args=None
(0.001) DELETE FROM "gitpull_sshauth"; args=()
(0.000) BEGIN; args=None
(0.007) DELETE FROM "gitpull_sshauth"; args=()
(0.000) BEGIN; args=None
(0.001) DELETE FROM "gitpull_sshauth"; args=()
(0.000) BEGIN; args=None
(0.001) DELETE FROM "gitpull_sshauth"; args=()
(0.000) BEGIN; args=None
(0.001) DELETE FROM "gitpull_sshauth"; args=()
(0.000) BEGIN; args=None
(0.001) DELETE FROM "gitpull_sshauth"; args=()
(0.000) BEGIN; args=None
(0.001) DELETE FROM "gitpull_sshauth"; args=()
(0.000) BEGIN; args=None
(0.001) DELETE FROM "gitpull_sshauth"; args=()
(0.000) BEGIN; args=None
(0.001) DELETE FROM "gitpull_sshauth"; args=()
(0.000) BEGIN; args=None
(0.002) DELETE FROM "gitpull_sshauth"; args=()
(0.000) BEGIN; args=None
(0.003) DELETE FROM "gitpull_sshauth"; args=()
(0.000) BEGIN; args=None
(0.007) DELETE FROM "gitpull_sshauth"; args=()
(0.000) BEGIN; args=None
(0.001) DELETE FROM "gitpull_sshauth"; args=()
(0.000) BEGIN; args=None
(0.002) DELETE FROM "gitpull_sshauth"; args=()
(0.000) BEGIN; args=None
(0.003) DELETE FROM "gitpull_sshauth"; args=()
(0.000) BEGIN; args=None
(0.001) DELETE FROM "gitpull_sshauth"; args=()
(0.000) BEGIN; args=None
(0.002) DELETE FROM "gitpull_sshauth"; args=()
(0.000) BEGIN; args=None
(0.001) DELETE FROM "gitpull_sshauth"; args=()
(0.000) BEGIN; args=None
(0.002) DELETE FROM "gitpull_sshauth"; args=()
(0.000) BEGIN; args=None
(0.003) DELETE FROM "gitpull_sshauth"; args=()
(0.000) BEGIN; args=None
(0.001) DELETE FROM "gitpull_sshauth"; args=()
(0.000) BEGIN; args=None
(0.001) DELETE FROM "gitpull_sshauth"; args=()
(0.000) BEGIN; args=None
(0.003) DELETE FROM "gitpull_sshauth"; args=()
(0.000) BEGIN; args=None
(0.001) DELETE FROM "gitpull_sshauth"; args=()
(0.000) BEGIN; args=None
(0.001) DELETE FROM "gitpull_sshauth"; args=()
(0.000) BEGIN; args=None
(0.001) DELETE FROM "gitpull_sshauth"; args=()
(0.000) BEGIN; args=None
(0.023) DELETE FROM "gitpull_sshauth"; args=()
(0.000) BEGIN; args=None
(0.001) DELETE FROM "gitpull_sshauth"; args=()
(0.000) BEGIN; args=None
(0.001) DELETE FROM "gitpull_sshauth"; args=()
(0.000) BEGIN; args=None
(0.002) DELETE FROM "gitpull_sshauth"; args=()
(0.000) BEGIN; args=None
(0.004) DELETE FROM "gitpull_sshauth"; args=()
(0.000) BEGIN; args=None
(0.001) DELETE FROM "gitpull_sshauth"; args=()
(0.000) BEGIN; args=None
(0.002) DELETE FROM "gitpull_sshauth"; args=()
(0.000) BEGIN; args=None
(0.003) DELETE FROM "gitpull_sshauth"; args=()
(0.000) BEGIN; args=None
(0.003) DELETE FROM "gitpull_sshauth"; args=()
(0.000) BEGIN; args=None
(0.001) DELETE FROM "gitpull_sshauth"; args=()
(0.000) BEGIN; args=None
(0.001) DELETE FROM "gitpull_sshauth"; args=()
(0.000) BEGIN; args=None
(0.001) DELETE FROM "gitpull_sshauth"; args=()
(0.000) BEGIN; args=None
(0.001) DELETE FROM "gitpull_sshauth"; args=()
(0.000) BEGIN; args=None
(0.002) DELETE FROM "gitpull_sshauth"; args=()
(0.000) BEGIN; args=None
(0.002) DELETE FROM "gitpull_sshauth"; args=()
(0.000) BEGIN; args=None
(0.001) DELETE FROM "gitpull_sshauth"; args=()
(0.000) BEGIN; args=None
(0.002) DELETE FROM "gitpull_sshauth"; args=()
(0.000) BEGIN; args=None
(0.003) DELETE FROM "gitpull_sshauth"; args=()
(0.000) BEGIN; args=None
(0.001) DELETE FROM "gitpull_sshauth"; args=()
(0.000) BEGIN; args=None
(0.001) DELETE FROM "gitpull_sshauth"; args=()
(0.000) BEGIN; args=None
(0.002) DELETE FROM "gitpull_sshauth"; args=()
(0.000) BEGIN; args=None
(0.001) DELETE FROM "gitpull_sshauth"; args=()
(0.000) BEGIN; args=None
(0.001) DELETE FROM "gitpull_sshauth"; args=()
(0.000) BEGIN; args=None
(0.001) DELETE FROM "gitpull_sshauth"; args=()
(0.000) BEGIN; args=None
(0.002) DELETE FROM "gitpull_sshauth"; args=()
(0.000) BEGIN; args=None
(0.001) DELETE FROM "gitpull_sshauth"; args=()
(0.000) BEGIN; args=None
(0.076) DELETE FROM "gitpull_sshauth"; args=()
(0.000) BEGIN; args=None
(0.001) DELETE FROM "gitpull_sshauth"; args=()
(0.000) BEGIN; args=None
(0.001) DELETE FROM "gitpull_sshauth"; args=()
(0.000) BEGIN; args=None
(0.001) DELETE FROM "gitpull_sshauth"; args=()
(0.000) BEGIN; args=None
(0.004) DELETE FROM "gitpull_sshauth"; args=()
(0.000) BEGIN; args=None
(0.001) DELETE FROM "gitpull_sshauth"; args=()
(0.000) BEGIN; args=None
(0.003) DELETE FROM "gitpull_sshauth"; args=()
(0.000) BEGIN; args=None
(0.005) DELETE FROM "gitpull_sshauth"; args=()
(0.000) BEGIN; args=None
(0.001) DELETE FROM "gitpull_sshauth"; args=()
(0.000) BEGIN; args=None
(0.001) DELETE FROM "gitpull_sshauth"; args=()
(0.000) BEGIN; args=None
(0.004) DELETE FROM "gitpull_sshauth"; args=()
(0.000) BEGIN; args=None
(0.001) DELETE FROM "gitpull_sshauth"; args=()
(0.000) BEGIN; args=None
(0.010) DELETE FROM "gitpull_sshauth"; args=()
(0.000) BEGIN; args=None
(0.001) DELETE FROM "gitpull_sshauth"; args=()
(0.000) BEGIN; args=None
(0.001) DELETE FROM "gitpull_sshauth"; args=()
(0.000) BEGIN; args=None
(0.001) DELETE FROM "gitpull_sshauth"; args=()
(0.000) BEGIN; args=None
(0.001) DELETE FROM "gitpull_sshauth"; args=()
(0.000) BEGIN; args=None
(0.001) DELETE FROM "gitpull_sshauth"; args=()
(0.000) BEGIN; args=None
(0.001) DELETE FROM "gitpull_sshauth"; args=()
(0.000) BEGIN; args=None
(0.003) DELETE FROM "gitpull_sshauth"; args=()
(0.000) BEGIN; args=None
(0.001) DELETE FROM "gitpull_sshauth"; args=()
(0.000) BEGIN; args=None
(0.001) DELETE FROM "gitpull_sshauth"; args=()
(0.000) BEGIN; args=None
(0.002) DELETE FROM "gitpull_sshauth"; args=()
(0.000) BEGIN; args=None
(0.003) DELETE FROM "gitpull_sshauth"; args=()
(0.000) BEGIN; args=None
(0.003) DELETE FROM "gitpull_sshauth"; args=()
(0.000) BEGIN; args=None
(0.018) DELETE FROM "gitpull_sshauth"; args=()
(0.000) BEGIN; args=None
(0.001) DELETE FROM "gitpull_sshauth"; args=()
(0.000) BEGIN; args=None
(0.001) DELETE FROM "gitpull_sshauth"; args=()
(0.000) BEGIN; args=None
(0.004) DELETE FROM "gitpull_sshauth"; args=()
(0.000) BEGIN; args=None
(0.003) DELETE FROM "gitpull_sshauth"; args=()
(0.000) BEGIN; args=None
(0.001) DELETE FROM "gitpull_sshauth"; args=()
(0.000) BEGIN; args=None
(0.001) DELETE FROM "gitpull_sshauth"; args=()
(0.000) BEGIN; args=None
(0.003) DELETE FROM "gitpull_sshauth"; args=()
(0.000) BEGIN; args=None
(0.001) DELETE FROM "gitpull_sshauth"; args=()
(0.000) BEGIN; args=None
(0.002) DELETE FROM "gitpull_sshauth"; args=()
(0.000) BEGIN; args=None
(0.001) DELETE FROM "gitpull_sshauth"; args=()
(0.000) BEGIN; args=None
(0.003) DELETE FROM "gitpull_sshauth"; args=()
(0.000) BEGIN; args=None
(0.001) DELETE FROM "gitpull_sshauth"; args=()
(0.000) BEGIN; args=None
(0.002) DELETE FROM "gitpull_sshauth"; args=()
(0.000) BEGIN; args=None
(0.003) DELETE FROM "gitpull_sshauth"; args=()
(0.000) BEGIN; args=None
(0.001) DELETE FROM "gitpull_sshauth"; args=()
(0.000) BEGIN; args=None
(0.001) DELETE FROM "gitpull_sshauth"; args=()
(0.000) BEGIN; args=None
(0.003) DELETE FROM "gitpull_sshauth"; args=()
(0.000) BEGIN; args=None
(0.003) DELETE FROM "gitpull_sshauth"; args=()
(0.000) BEGIN; args=None
(0.001) DELETE FROM "gitpull_sshauth"; args=()
(0.000) BEGIN; args=None
(0.001) DELETE FROM "gitpull_sshauth"; args=()
(0.000) BEGIN; args=None
(0.036) DELETE FROM "gitpull_sshauth"; args=()
(0.000) BEGIN; args=None
(0.001) DELETE FROM "gitpull_sshauth"; args=()
(0.000) BEGIN; args=None
(0.001) DELETE FROM "gitpull_sshauth"; args=()
(0.000) BEGIN; args=None
(0.001) DELETE FROM "gitpull_sshauth"; args=()
(0.000) BEGIN; args=None
(0.002) DELETE FROM "gitpull_sshauth"; args=()
(0.000) BEGIN; args=None
(0.010) DELETE FROM "gitpull_sshauth"; args=()
(0.000) BEGIN; args=None
(0.002) DELETE FROM "gitpull_sshauth"; args=()
(0.000) BEGIN; args=None
(0.003) DELETE FROM "gitpull_sshauth"; args=()
(0.000) BEGIN; args=None
(0.002) DELETE FROM "gitpull_sshauth"; args=()
(0.000) BEGIN; args=None
(0.001) DELETE FROM "gitpull_sshauth"; args=()
(0.000) BEGIN; args=None
(0.003) DELETE FROM "gitpull_sshauth"; args=()
(0.000) BEGIN; args=None
(0.001) DELETE FROM "gitpull_sshauth"; args=()
(0.000) BEGIN; args=None
(0.001) DELETE FROM "gitpull_sshauth"; args=()
(0.000) BEGIN; args=None
(0.001) DELETE FROM "gitpull_sshauth"; args=()
(0.000) BEGIN; args=None
(0.001) DELETE FROM "gitpull_sshauth"; args=()
(0.000) BEGIN; args=None
(0.001) DELETE FROM "gitpull_sshauth"; args=()
(0.000) BEGIN; args=None
(0.006) DELETE FROM "gitpull_sshauth"; args=()
(0.000) BEGIN; args=None
(0.002) DELETE FROM "gitpull_sshauth"; args=()
(0.000) BEGIN; args=None
(0.003) DELETE FROM "gitpull_sshauth"; args=()
(0.000) BEGIN; args=None
(0.001) DELETE FROM "gitpull_sshauth"; args=()
(0.000) BEGIN; args=None
(0.004) DELETE FROM "gitpull_sshauth"; args=()
(0.000) BEGIN; args=None
(0.003) DELETE FROM "gitpull_sshauth"; args=()
(0.000) BEGIN; args=None
(0.001) DELETE FROM "gitpull_sshauth"; args=()
(0.000) BEGIN; args=None
(0.001) DELETE FROM "gitpull_sshauth"; args=()
(0.000) BEGIN; args=None
(0.003) DELETE FROM "gitpull_sshauth"; args=()
(0.000) BEGIN; args=None
(0.003) DELETE FROM "gitpull_sshauth"; args=()
(0.000) BEGIN; args=None
(0.001) DELETE FROM "gitpull_sshauth"; args=()
(0.000) BEGIN; args=None
(0.007) DELETE FROM "gitpull_sshauth"; args=()
(0.000) BEGIN; args=None
(0.002) DELETE FROM "gitpull_sshauth"; args=()
(0.000) BEGIN; args=None
(0.001) DELETE FROM "gitpull_sshauth"; args=()
(0.000) BEGIN; args=None
(0.019) DELETE FROM "gitpull_sshauth"; args=()
(0.000) BEGIN; args=None
(0.001) DELETE FROM "gitpull_sshauth"; args=()
(0.000) BEGIN; args=None
(0.001) DELETE FROM "gitpull_sshauth"; args=()
(0.000) BEGIN; args=None
(0.003) DELETE FROM "gitpull_sshauth"; args=()
(0.000) BEGIN; args=None
(0.001) DELETE FROM "gitpull_sshauth"; args=()
(0.000) BEGIN; args=None
(0.001) DELETE FROM "gitpull_sshauth"; args=()
(0.008) BEGIN; args=None
(0.001) DELETE FROM "gitpull_sshauth"; args=()
(0.000) BEGIN; args=None
(0.001) DELETE FROM "gitpull_sshauth"; args=()
(0.000) BEGIN; args=None
(0.002) DELETE FROM "gitpull_sshauth"; args=()
(0.000) BEGIN; args=None
(0.001) DELETE FROM "gitpull_sshauth"; args=()
(0.000) BEGIN; args=None
(0.010) DELETE FROM "gitpull_sshauth"; args=()
(0.000) BEGIN; args=None
(0.003) DELETE FROM "gitpull_sshauth"; args=()
(0.000) BEGIN; args=None
(0.001) DELETE FROM "gitpull_sshauth"; args=()
(0.000) BEGIN; args=None
(0.001) DELETE FROM "gitpull_sshauth"; args=()
(0.000) BEGIN; args=None
(0.001) DELETE FROM "gitpull_sshauth"; args=()
(0.000) BEGIN; args=None
(0.002) DELETE FROM "gitpull_sshauth"; args=()
(0.000) BEGIN; args=None
(0.001) DELETE FROM "gitpull_sshauth"; args=()
(0.000) BEGIN; args=None
(0.001) DELETE FROM "gitpull_sshauth"; args=()
(0.000) BEGIN; args=None
(0.002) DELETE FROM "gitpull_sshauth"; args=()
(0.000) BEGIN; args=None
(0.001) DELETE FROM "gitpull_sshauth"; args=()
(0.000) BEGIN; args=None
(0.001) DELETE FROM "gitpull_sshauth"; args=()
(0.000) BEGIN; args=None
(0.009) DELETE FROM "gitpull_sshauth"; args=()
(0.000) BEGIN; args=None
(0.001) DELETE FROM "gitpull_sshauth"; args=()
(0.000) BEGIN; args=None
(0.001) DELETE FROM "gitpull_sshauth"; args=()
(0.000) BEGIN; args=None
(0.001) DELETE FROM "gitpull_sshauth"; args=()
(0.000) BEGIN; args=None
(0.002) DELETE FROM "gitpull_sshauth"; args=()
(0.000) BEGIN; args=None
(0.009) DELETE FROM "gitpull_sshauth"; args=()
(0.000) BEGIN; args=None
(0.001) DELETE FROM "gitpull_sshauth"; args=()
(0.000) BEGIN; args=None
(0.001) DELETE FROM "gitpull_sshauth"; args=()
(0.000) BEGIN; args=None
(0.001) DELETE FROM "gitpull_sshauth"; args=()
(0.000) BEGIN; args=None
(0.007) DELETE FROM "gitpull_sshauth"; args=()
(0.000) BEGIN; args=None
(0.001) DELETE FROM "gitpull_sshauth"; args=()
(0.000) BEGIN; args=None
(0.001) DELETE FROM "gitpull_sshauth"; args=()
(0.000) BEGIN; args=None
(0.002) DELETE FROM "gitpull_sshauth"; args=()
(0.000) BEGIN; args=None
(0.001) DELETE FROM "gitpull_sshauth"; args=()
(0.000) BEGIN; args=None
(0.001) DELETE FROM "gitpull_sshauth"; args=()
(0.000) BEGIN; args=None
(0.002) DELETE FROM "gitpull_sshauth"; args=()
(0.000) BEGIN; args=None
(0.001) DELETE FROM "gitpull_sshauth"; args=()
(0.000) BEGIN; args=None
(0.003) DELETE FROM "gitpull_sshauth"; args=()
(0.000) BEGIN; args=None
(0.001) DELETE FROM "gitpull_sshauth"; args=()
(0.000) BEGIN; args=None
(0.001) DELETE FROM "gitpull_sshauth"; args=()
(0.000) BEGIN; args=None
(0.001) DELETE FROM "gitpull_sshauth"; args=()
(0.000) BEGIN; args=None
(0.001) DELETE FROM "gitpull_sshauth"; args=()
(0.000) BEGIN; args=None
(0.001) DELETE FROM "gitpull_sshauth"; args=()
(0.000) BEGIN; args=None
(0.001) DELETE FROM "gitpull_sshauth"; args=()
(0.000) BEGIN; args=None
(0.306) DELETE FROM "gitpull_sshauth"; args=()
(0.000) BEGIN; args=None
(0.001) DELETE FROM "gitpull_sshauth"; args=()
(0.000) BEGIN; args=None
(0.001) DELETE FROM "gitpull_sshauth"; args=()
(0.000) BEGIN; args=None
(0.003) DELETE FROM "gitpull_sshauth"; args=()
(0.000) BEGIN; args=None
(0.002) DELETE FROM "gitpull_sshauth"; args=()
(0.000) BEGIN; args=None
(0.001) DELETE FROM "gitpull_sshauth"; args=()
(0.000) BEGIN; args=None
(0.006) DELETE FROM "gitpull_sshauth"; args=()
(0.000) BEGIN; args=None
(0.003) DELETE FROM "gitpull_sshauth"; args=()
(0.000) BEGIN; args=None
(0.003) DELETE FROM "gitpull_sshauth"; args=()
(0.000) BEGIN; args=None
(0.025) DELETE FROM "gitpull_sshauth"; args=()
(0.000) BEGIN; args=None
(0.001) DELETE FROM "gitpull_sshauth"; args=()
(0.000) BEGIN; args=None
(0.001) DELETE FROM "gitpull_sshauth"; args=()
(0.000) BEGIN; args=None
(0.130) DELETE FROM "gitpull_sshauth"; args=()
(0.000) BEGIN; args=None
(0.001) DELETE FROM "gitpull_sshauth"; args=()
(0.000) BEGIN; args=None
(0.001) DELETE FROM "gitpull_sshauth"; args=()
(0.000) BEGIN; args=None
(0.006) DELETE FROM "gitpull_sshauth"; args=()
(0.000) BEGIN; args=None
(0.003) DELETE FROM "gitpull_sshauth"; args=()
(0.000) BEGIN; args=None
(0.001) DELETE FROM "gitpull_sshauth"; args=()
(0.000) BEGIN; args=None
(0.017) DELETE FROM "gitpull_sshauth"; args=()
(0.000) BEGIN; args=None
(0.001) DELETE FROM "gitpull_sshauth"; args=()
(0.000) BEGIN; args=None
(0.001) DELETE FROM "gitpull_sshauth"; args=()
(0.000) BEGIN; args=None
(0.001) DELETE FROM "gitpull_sshauth"; args=()
(0.000) BEGIN; args=None
(0.003) DELETE FROM "gitpull_sshauth"; args=()
(0.000) BEGIN; args=None
(0.002) DELETE FROM "gitpull_sshauth"; args=()
(0.000) BEGIN; args=None
(0.001) DELETE FROM "gitpull_sshauth"; args=()
(0.000) BEGIN; args=None
(0.002) DELETE FROM "gitpull_sshauth"; args=()
(0.000) BEGIN; args=None
(0.001) DELETE FROM "gitpull_sshauth"; args=()
(0.000) BEGIN; args=None
(0.001) DELETE FROM "gitpull_sshauth"; args=()
(0.000) BEGIN; args=None
(0.001) DELETE FROM "gitpull_sshauth"; args=()
(0.000) BEGIN; args=None
(0.002) DELETE FROM "gitpull_sshauth"; args=()
(0.000) BEGIN; args=None
(0.001) DELETE FROM "gitpull_sshauth"; args=()
(0.000) BEGIN; args=None
(0.001) DELETE FROM "gitpull_sshauth"; args=()
(0.000) BEGIN; args=None
(0.002) DELETE FROM "gitpull_sshauth"; args=()
(0.000) BEGIN; args=None
(0.001) DELETE FROM "gitpull_sshauth"; args=()
(0.000) BEGIN; args=None
(0.003) DELETE FROM "gitpull_sshauth"; args=()
(0.000) BEGIN; args=None
(0.001) DELETE FROM "gitpull_sshauth"; args=()
(0.000) BEGIN; args=None
(0.002) DELETE FROM "gitpull_sshauth"; args=()
(0.000) BEGIN; args=None
(0.003) DELETE FROM "gitpull_sshauth"; args=()
(0.000) BEGIN; args=None
(0.001) DELETE FROM "gitpull_sshauth"; args=()
(0.000) BEGIN; args=None
(0.001) DELETE FROM "gitpull_sshauth"; args=()
(0.000) BEGIN; args=None
(0.004) DELETE FROM "gitpull_sshauth"; args=()
(0.000) BEGIN; args=None
(0.001) DELETE FROM "gitpull_sshauth"; args=()
(0.000) BEGIN; args=None
(0.001) DELETE FROM "gitpull_sshauth"; args=()
(0.000) BEGIN; args=None
(0.001) DELETE FROM "gitpull_sshauth"; args=()
(0.000) BEGIN; args=None
(0.001) DELETE FROM "gitpull_sshauth"; args=()
(0.000) BEGIN; args=None
(0.020) DELETE FROM "gitpull_sshauth"; args=()
(0.000) BEGIN; args=None
(0.003) DELETE FROM "gitpull_sshauth"; args=()
(0.000) BEGIN; args=None
(0.001) DELETE FROM "gitpull_sshauth"; args=()
(0.000) BEGIN; args=None
(0.010) DELETE FROM "gitpull_sshauth"; args=()
(0.000) BEGIN; args=None
(0.001) DELETE FROM "gitpull_sshauth"; args=()
(0.000) BEGIN; args=None
(0.001) DELETE FROM "gitpull_sshauth"; args=()
(0.000) BEGIN; args=None
(0.001) DELETE FROM "gitpull_sshauth"; args=()
(0.000) BEGIN; args=None
(0.003) DELETE FROM "gitpull_sshauth"; args=()
(0.000) BEGIN; args=None
(0.001) DELETE FROM "gitpull_sshauth"; args=()
(0.000) BEGIN; args=None
(0.001) DELETE FROM "gitpull_sshauth"; args=()
(0.000) BEGIN; args=None
(0.001) DELETE FROM "gitpull_sshauth"; args=()
(0.000) BEGIN; args=None
(0.001) DELETE FROM "gitpull_sshauth"; args=()
(0.000) BEGIN; args=None
(0.003) DELETE FROM "gitpull_sshauth"; args=()
(0.000) BEGIN; args=None
(0.003) DELETE FROM "gitpull_sshauth"; args=()
(0.000) BEGIN; args=None
(0.001) DELETE FROM "gitpull_sshauth"; args=()
(0.000) BEGIN; args=None
(0.001) DELETE FROM "gitpull_sshauth"; args=()
(0.000) BEGIN; args=None
(0.002) DELETE FROM "gitpull_sshauth"; args=()
(0.000) BEGIN; args=None
(0.001) DELETE FROM "gitpull_sshauth"; args=()
(0.000) BEGIN; args=None
(0.001) DELETE FROM "gitpull_sshauth"; args=()
(0.000) BEGIN; args=None
(0.001) DELETE FROM "gitpull_sshauth"; args=()
(0.000) BEGIN; args=None
(0.001) DELETE FROM "gitpull_sshauth"; args=()
(0.000) BEGIN; args=None
(0.001) DELETE FROM "gitpull_sshauth"; args=()
(0.000) BEGIN; args=None
(0.001) DELETE FROM "gitpull_sshauth"; args=()
(0.000) BEGIN; args=None
(0.002) DELETE FROM "gitpull_sshauth"; args=()
(0.000) BEGIN; args=None
(0.012) DELETE FROM "gitpull_sshauth"; args=()
(0.000) BEGIN; args=None
(0.003) DELETE FROM "gitpull_sshauth"; args=()
(0.000) BEGIN; args=None
(0.003) DELETE FROM "gitpull_sshauth"; args=()
(0.000) BEGIN; args=None
(0.001) DELETE FROM "gitpull_sshauth"; args=()
(0.000) BEGIN; args=None
(0.001) DELETE FROM "gitpull_sshauth"; args=()
(0.000) BEGIN; args=None
(0.002) DELETE FROM "gitpull_sshauth"; args=()
(0.000) BEGIN; args=None
(1.957) DELETE FROM "gitpull_sshauth"; args=()
(0.000) BEGIN; args=None
(0.003) DELETE FROM "gitpull_sshauth"; args=()
(0.000) BEGIN; args=None
(0.001) DELETE FROM "gitpull_sshauth"; args=()
(0.000) BEGIN; args=None
(0.001) DELETE FROM "gitpull_sshauth"; args=()
(0.000) BEGIN; args=None
(0.001) DELETE FROM "gitpull_sshauth"; args=()
(0.000) BEGIN; args=None
(0.001) DELETE FROM "gitpull_sshauth"; args=()
(0.000) BEGIN; args=None
(0.001) DELETE FROM "gitpull_sshauth"; args=()
(0.000) BEGIN; args=None
(0.001) DELETE FROM "gitpull_sshauth"; args=()
(0.000) BEGIN; args=None
(0.004) DELETE FROM "gitpull_sshauth"; args=()
(0.000) BEGIN; args=None
(0.006) DELETE FROM "gitpull_sshauth"; args=()
(0.000) BEGIN; args=None
(0.004) DELETE FROM "gitpull_sshauth"; args=()
(0.000) BEGIN; args=None
(0.004) DELETE FROM "gitpull_sshauth"; args=()
(0.000) BEGIN; args=None
(0.212) DELETE FROM "gitpull_sshauth"; args=()
(0.000) BEGIN; args=None
(0.001) DELETE FROM "gitpull_sshauth"; args=()
(0.000) BEGIN; args=None
(0.002) DELETE FROM "gitpull_sshauth"; args=()
(0.000) BEGIN; args=None
(0.001) DELETE FROM "gitpull_sshauth"; args=()
(0.000) BEGIN; args=None
(0.001) DELETE FROM "gitpull_sshauth"; args=()
(0.000) BEGIN; args=None
(0.002) DELETE FROM "gitpull_sshauth"; args=()
(0.000) BEGIN; args=None
(0.003) DELETE FROM "gitpull_sshauth"; args=()
(0.000) BEGIN; args=None
(0.001) DELETE FROM "gitpull_sshauth"; args=()
(0.000) BEGIN; args=None
(0.001) DELETE FROM "gitpull_sshauth"; args=()
(0.000) BEGIN; args=None
(0.001) DELETE FROM "gitpull_sshauth"; args=()
(0.000) BEGIN; args=None
(0.001) DELETE FROM "gitpull_sshauth"; args=()
(0.000) BEGIN; args=None
(0.001) DELETE FROM "gitpull_sshauth"; args=()
(0.000) BEGIN; args=None
(0.001) DELETE FROM "gitpull_sshauth"; args=()
(0.000) BEGIN; args=None
(0.002) DELETE FROM "gitpull_sshauth"; args=()
(0.000) BEGIN; args=None
(0.001) DELETE FROM "gitpull_sshauth"; args=()
(0.000) BEGIN; args=None
(0.001) DELETE FROM "gitpull_sshauth"; args=()
(0.000) BEGIN; args=None
(0.001) DELETE FROM "gitpull_sshauth"; args=()
(0.000) BEGIN; args=None
(0.001) DELETE FROM "gitpull_sshauth"; args=()
(0.000) BEGIN; args=None
(0.002) DELETE FROM "gitpull_sshauth"; args=()
(0.000) BEGIN; args=None
(0.001) DELETE FROM "gitpull_sshauth"; args=()
(0.000) BEGIN; args=None
(0.003) DELETE FROM "gitpull_sshauth"; args=()
(0.000) BEGIN; args=None
(0.003) DELETE FROM "gitpull_sshauth"; args=()
(0.000) BEGIN; args=None
(0.001) DELETE FROM "gitpull_sshauth"; args=()
(0.000) BEGIN; args=None
(0.001) DELETE FROM "gitpull_sshauth"; args=()
(0.000) BEGIN; args=None
(0.001) DELETE FROM "gitpull_sshauth"; args=()
(0.000) BEGIN; args=None
(0.001) DELETE FROM "gitpull_sshauth"; args=()
(0.000) BEGIN; args=None
(0.003) DELETE FROM "gitpull_sshauth"; args=()
(0.000) BEGIN; args=None
(0.001) DELETE FROM "gitpull_sshauth"; args=()
(0.000) BEGIN; args=None
(0.001) DELETE FROM "gitpull_sshauth"; args=()
(0.000) BEGIN; args=None
(0.003) DELETE FROM "gitpull_sshauth"; args=()
(0.000) BEGIN; args=None
(0.001) DELETE FROM "gitpull_sshauth"; args=()
(0.000) BEGIN; args=None
(0.001) DELETE FROM "gitpull_sshauth"; args=()
(0.000) BEGIN; args=None
(0.001) DELETE FROM "gitpull_sshauth"; args=()
(0.000) BEGIN; args=None
(0.001) DELETE FROM "gitpull_sshauth"; args=()
(0.000) BEGIN; args=None
(0.003) DELETE FROM "gitpull_sshauth"; args=()
(0.000) BEGIN; args=None
(0.001) DELETE FROM "gitpull_sshauth"; args=()
(0.000) BEGIN; args=None
(0.001) DELETE FROM "gitpull_sshauth"; args=()
(0.000) BEGIN; args=None
(0.001) DELETE FROM "gitpull_sshauth"; args=()
(0.000) BEGIN; args=None
(0.001) DELETE FROM "gitpull_sshauth"; args=()
(0.000) BEGIN; args=None
(0.001) DELETE FROM "gitpull_sshauth"; args=()
(0.000) BEGIN; args=None
(0.002) DELETE FROM "gitpull_sshauth"; args=()
(0.000) BEGIN; args=None
(0.001) DELETE FROM "gitpull_sshauth"; args=()
(0.000) BEGIN; args=None
(0.010) DELETE FROM "gitpull_sshauth"; args=()
(0.000) BEGIN; args=None
(0.004) DELETE FROM "gitpull_sshauth"; args=()
(0.000) BEGIN; args=None
(0.003) DELETE FROM "gitpull_sshauth"; args=()
(0.000) BEGIN; args=None
(0.011) DELETE FROM "gitpull_sshauth"; args=()
(0.000) BEGIN; args=None
(0.001) DELETE FROM "gitpull_sshauth"; args=()
(0.000) BEGIN; args=None
(0.011) DELETE FROM "gitpull_sshauth"; args=()
(0.000) BEGIN; args=None
(0.012) DELETE FROM "gitpull_sshauth"; args=()
(0.000) BEGIN; args=None
(0.001) DELETE FROM "gitpull_sshauth"; args=()
(0.000) BEGIN; args=None
(0.013) DELETE FROM "gitpull_sshauth"; args=()
(0.000) BEGIN; args=None
(0.001) DELETE FROM "gitpull_sshauth"; args=()
(0.000) BEGIN; args=None
(0.001) DELETE FROM "gitpull_sshauth"; args=()
(0.000) BEGIN; args=None
(0.003) DELETE FROM "gitpull_sshauth"; args=()
(0.000) BEGIN; args=None
(0.004) DELETE FROM "gitpull_sshauth"; args=()
(0.000) BEGIN; args=None
(0.013) DELETE FROM "gitpull_sshauth"; args=()
(0.000) BEGIN; args=None
(0.001) DELETE FROM "gitpull_sshauth"; args=()
(0.000) BEGIN; args=None
(0.006) DELETE FROM "gitpull_sshauth"; args=()
(0.000) BEGIN; args=None
(0.003) DELETE FROM "gitpull_sshauth"; args=()
(0.000) BEGIN; args=None
(0.001) DELETE FROM "gitpull_sshauth"; args=()
(0.000) BEGIN; args=None
(0.002) DELETE FROM "gitpull_sshauth"; args=()
(0.000) BEGIN; args=None
(0.002) DELETE FROM "gitpull_sshauth"; args=()
(0.000) BEGIN; args=None
(0.002) DELETE FROM "gitpull_sshauth"; args=()
(0.000) BEGIN; args=None
(0.001) DELETE FROM "gitpull_sshauth"; args=()
(0.000) BEGIN; args=None
(0.003) DELETE FROM "gitpull_sshauth"; args=()
(0.000) BEGIN; args=None
(0.001) DELETE FROM "gitpull_sshauth"; args=()
(0.000) BEGIN; args=None
(0.005) DELETE FROM "gitpull_sshauth"; args=()
(0.000) BEGIN; args=None
(0.001) DELETE FROM "gitpull_sshauth"; args=()
(0.000) BEGIN; args=None
(0.001) DELETE FROM "gitpull_sshauth"; args=()
(0.000) BEGIN; args=None
(0.001) DELETE FROM "gitpull_sshauth"; args=()
(0.000) BEGIN; args=None
(0.001) DELETE FROM "gitpull_sshauth"; args=()
(0.000) BEGIN; args=None
(0.001) DELETE FROM "gitpull_sshauth"; args=()
(0.000) BEGIN; args=None
(0.001) DELETE FROM "gitpull_sshauth"; args=()
(0.000) BEGIN; args=None
(0.002) DELETE FROM "gitpull_sshauth"; args=()
(0.000) BEGIN; args=None
(0.003) DELETE FROM "gitpull_sshauth"; args=()
(0.000) BEGIN; args=None
(0.001) DELETE FROM "gitpull_sshauth"; args=()
(0.000) BEGIN; args=None
(0.001) DELETE FROM "gitpull_sshauth"; args=()
(0.000) BEGIN; args=None
(0.001) DELETE FROM "gitpull_sshauth"; args=()
(0.000) BEGIN; args=None
(0.003) DELETE FROM "gitpull_sshauth"; args=()
(0.000) BEGIN; args=None
(0.001) DELETE FROM "gitpull_sshauth"; args=()
(0.000) BEGIN; args=None
(0.001) DELETE FROM "gitpull_sshauth"; args=()
(0.000) BEGIN; args=None
(0.001) DELETE FROM "gitpull_sshauth"; args=()
(0.000) BEGIN; args=None
(0.003) DELETE FROM "gitpull_sshauth"; args=()
(0.000) BEGIN; args=None
(0.001) DELETE FROM "gitpull_sshauth"; args=()
(0.000) BEGIN; args=None
(0.002) DELETE FROM "gitpull_sshauth"; args=()
(0.000) BEGIN; args=None
(0.001) DELETE FROM "gitpull_sshauth"; args=()
(0.000) BEGIN; args=None
(0.001) DELETE FROM "gitpull_sshauth"; args=()
(0.000) BEGIN; args=None
(0.001) DELETE FROM "gitpull_sshauth"; args=()
(0.000) BEGIN; args=None
(0.001) DELETE FROM "gitpull_sshauth"; args=()
(0.000) BEGIN; args=None
(0.003) DELETE FROM "gitpull_sshauth"; args=()
(0.000) BEGIN; args=None
(0.001) DELETE FROM "gitpull_sshauth"; args=()
(0.000) BEGIN; args=None
(0.001) DELETE FROM "gitpull_sshauth"; args=()
(0.000) BEGIN; args=None
(0.001) DELETE FROM "gitpull_sshauth"; args=()
(0.000) BEGIN; args=None
(0.001) DELETE FROM "gitpull_sshauth"; args=()
(0.000) BEGIN; args=None
(0.001) DELETE FROM "gitpull_sshauth"; args=()
(0.000) BEGIN; args=None
(0.003) DELETE FROM "gitpull_sshauth"; args=()
(0.000) BEGIN; args=None
(0.001) DELETE FROM "gitpull_sshauth"; args=()
(0.000) BEGIN; args=None
(0.003) DELETE FROM "gitpull_sshauth"; args=()
(0.000) BEGIN; args=None
(0.003) DELETE FROM "gitpull_sshauth"; args=()
(0.000) BEGIN; args=None
(0.001) DELETE FROM "gitpull_sshauth"; args=()
(0.000) BEGIN; args=None
(0.003) DELETE FROM "gitpull_sshauth"; args=()
(0.000) BEGIN; args=None
(0.001) DELETE FROM "gitpull_sshauth"; args=()
(0.000) BEGIN; args=None
(0.001) DELETE FROM "gitpull_sshauth"; args=()
(0.000) BEGIN; args=None
(0.001) DELETE FROM "gitpull_sshauth"; args=()
(0.000) BEGIN; args=None
(0.020) DELETE FROM "gitpull_sshauth"; args=()
(0.000) BEGIN; args=None
(0.004) DELETE FROM "gitpull_sshauth"; args=()
(0.000) BEGIN; args=None
(0.001) DELETE FROM "gitpull_sshauth"; args=()
(0.000) BEGIN; args=None
(0.002) DELETE FROM "gitpull_sshauth"; args=()
(0.000) BEGIN; args=None
(0.001) DELETE FROM "gitpull_sshauth"; args=()
(0.000) BEGIN; args=None
(0.001) DELETE FROM "gitpull_sshauth"; args=()
(0.000) BEGIN; args=None
(0.001) DELETE FROM "gitpull_sshauth"; args=()
(0.000) BEGIN; args=None
(0.001) DELETE FROM "gitpull_sshauth"; args=()
(0.000) BEGIN; args=None
(0.002) DELETE FROM "gitpull_sshauth"; args=()
(0.000) BEGIN; args=None
(0.005) DELETE FROM "gitpull_sshauth"; args=()
(0.000) BEGIN; args=None
(0.001) DELETE FROM "gitpull_sshauth"; args=()
(0.000) BEGIN; args=None
(0.001) DELETE FROM "gitpull_sshauth"; args=()
(0.000) BEGIN; args=None
(0.001) DELETE FROM "gitpull_sshauth"; args=()
(0.000) BEGIN; args=None
(0.118) DELETE FROM "gitpull_sshauth"; args=()
(0.000) BEGIN; args=None
(0.001) DELETE FROM "gitpull_sshauth"; args=()
(0.000) BEGIN; args=None
(0.001) DELETE FROM "gitpull_sshauth"; args=()
(0.000) BEGIN; args=None
(0.002) DELETE FROM "gitpull_sshauth"; args=()
(0.000) BEGIN; args=None
(0.002) DELETE FROM "gitpull_sshauth"; args=()
(0.000) BEGIN; args=None
(0.001) DELETE FROM "gitpull_sshauth"; args=()
(0.000) BEGIN; args=None
(0.001) DELETE FROM "gitpull_sshauth"; args=()
(0.000) BEGIN; args=None
(0.003) DELETE FROM "gitpull_sshauth"; args=()
(0.000) BEGIN; args=None
(0.001) DELETE FROM "gitpull_sshauth"; args=()
(0.000) BEGIN; args=None
(0.001) DELETE FROM "gitpull_sshauth"; args=()
(0.000) BEGIN; args=None
(0.001) DELETE FROM "gitpull_sshauth"; args=()
(0.000) BEGIN; args=None
(0.001) DELETE FROM "gitpull_sshauth"; args=()
(0.000) BEGIN; args=None
(0.002) DELETE FROM "gitpull_sshauth"; args=()
(0.000) BEGIN; args=None
(0.001) DELETE FROM "gitpull_sshauth"; args=()
(0.000) BEGIN; args=None
(0.001) DELETE FROM "gitpull_sshauth"; args=()
(0.000) BEGIN; args=None
(0.001) DELETE FROM "gitpull_sshauth"; args=()
(0.000) BEGIN; args=None
(0.001) DELETE FROM "gitpull_sshauth"; args=()
(0.000) BEGIN; args=None
(0.001) DELETE FROM "gitpull_sshauth"; args=()
(0.000) BEGIN; args=None
(0.001) DELETE FROM "gitpull_sshauth"; args=()
(0.000) BEGIN; args=None
(0.003) DELETE FROM "gitpull_sshauth"; args=()
(0.000) BEGIN; args=None
(0.002) DELETE FROM "gitpull_sshauth"; args=()
(0.000) BEGIN; args=None
(0.065) DELETE FROM "gitpull_sshauth"; args=()
(0.000) BEGIN; args=None
(0.001) DELETE FROM "gitpull_sshauth"; args=()
(0.000) BEGIN; args=None
(0.003) DELETE FROM "gitpull_sshauth"; args=()
(0.000) BEGIN; args=None
(0.044) DELETE FROM "gitpull_sshauth"; args=()
(0.000) BEGIN; args=None
(0.001) DELETE FROM "gitpull_sshauth"; args=()
(0.000) BEGIN; args=None
(0.003) DELETE FROM "gitpull_sshauth"; args=()
(0.000) BEGIN; args=None
(0.001) DELETE FROM "gitpull_sshauth"; args=()
(0.000) BEGIN; args=None
(0.001) DELETE FROM "gitpull_sshauth"; args=()
(0.001) SELECT "django_session"."session_key", "django_session"."session_data", "django_session"."expire_date" FROM "django_session" WHERE ("django_session"."expire_date" > '2020-02-10 05:08:08.022720' AND "django_session"."session_key" = 'zbtc76vc0tlrsz9fy9gf1bp8xjzt93sn'); args=('2020-02-10 05:08:08.022720', 'zbtc76vc0tlrsz9fy9gf1bp8xjzt93sn')
(0.000) SELECT "auth_user"."id", "auth_user"."password", "auth_user"."last_login", "auth_user"."is_superuser", "auth_user"."username", "auth_user"."first_name", "auth_user"."last_name", "auth_user"."email", "auth_user"."is_staff", "auth_user"."is_active", "auth_user"."date_joined" FROM "auth_user" WHERE "auth_user"."id" = 1; args=(1,)
"GET / HTTP/1.1" 200 9393
(0.001) SELECT "django_session"."session_key", "django_session"."session_data", "django_session"."expire_date" FROM "django_session" WHERE ("django_session"."expire_date" > '2020-02-10 05:08:14.628698' AND "django_session"."session_key" = 'zbtc76vc0tlrsz9fy9gf1bp8xjzt93sn'); args=('2020-02-10 05:08:14.628698', 'zbtc76vc0tlrsz9fy9gf1bp8xjzt93sn')
(0.000) SELECT "auth_user"."id", "auth_user"."password", "auth_user"."last_login", "auth_user"."is_superuser", "auth_user"."username", "auth_user"."first_name", "auth_user"."last_name", "auth_user"."email", "auth_user"."is_staff", "auth_user"."is_active", "auth_user"."date_joined" FROM "auth_user" WHERE "auth_user"."id" = 1; args=(1,)
(0.000) SELECT COUNT(*) AS "__count" FROM "gitpull_sshauth"; args=()
(0.000) SELECT COUNT(*) AS "__count" FROM "gitpull_sshauth"; args=()
(0.000) SELECT "gitpull_sshauth"."id", "gitpull_sshauth"."username", "gitpull_sshauth"."password", "gitpull_sshauth"."server_ip", "gitpull_sshauth"."posting_date" FROM "gitpull_sshauth" ORDER BY "gitpull_sshauth"."id" DESC; args=()
Exception while resolving variable 'errors' in template 'admin/change_list.html'.
Traceback (most recent call last):
  File "/var/lib/digivalet/digiutils_new/pms/myvenv/lib/python3.6/site-packages/django/template/base.py", line 829, in _resolve_lookup
    current = current[bit]
TypeError: 'NoneType' object is not subscriptable

During handling of the above exception, another exception occurred:

Traceback (most recent call last):
  File "/var/lib/digivalet/digiutils_new/pms/myvenv/lib/python3.6/site-packages/django/template/base.py", line 837, in _resolve_lookup
    current = getattr(current, bit)
AttributeError: 'NoneType' object has no attribute 'errors'

During handling of the above exception, another exception occurred:

Traceback (most recent call last):
  File "/var/lib/digivalet/digiutils_new/pms/myvenv/lib/python3.6/site-packages/django/template/base.py", line 843, in _resolve_lookup
    current = current[int(bit)]
ValueError: invalid literal for int() with base 10: 'errors'

During handling of the above exception, another exception occurred:

Traceback (most recent call last):
  File "/var/lib/digivalet/digiutils_new/pms/myvenv/lib/python3.6/site-packages/django/template/base.py", line 850, in _resolve_lookup
    (bit, current))  # missing attribute
django.template.base.VariableDoesNotExist: Failed lookup for key [errors] in None
Exception while resolving variable 'show' in template 'admin/change_list.html'.
Traceback (most recent call last):
  File "/var/lib/digivalet/digiutils_new/pms/myvenv/lib/python3.6/site-packages/django/template/base.py", line 829, in _resolve_lookup
    current = current[bit]
  File "/var/lib/digivalet/digiutils_new/pms/myvenv/lib/python3.6/site-packages/django/template/context.py", line 83, in __getitem__
    raise KeyError(key)
KeyError: 'show'

During handling of the above exception, another exception occurred:

Traceback (most recent call last):
  File "/var/lib/digivalet/digiutils_new/pms/myvenv/lib/python3.6/site-packages/django/template/base.py", line 835, in _resolve_lookup
    if isinstance(current, BaseContext) and getattr(type(current), bit):
AttributeError: type object 'RequestContext' has no attribute 'show'

During handling of the above exception, another exception occurred:

Traceback (most recent call last):
  File "/var/lib/digivalet/digiutils_new/pms/myvenv/lib/python3.6/site-packages/django/template/base.py", line 843, in _resolve_lookup
    current = current[int(bit)]
ValueError: invalid literal for int() with base 10: 'show'

During handling of the above exception, another exception occurred:

Traceback (most recent call last):
  File "/var/lib/digivalet/digiutils_new/pms/myvenv/lib/python3.6/site-packages/django/template/base.py", line 850, in _resolve_lookup
    (bit, current))  # missing attribute
django.template.base.VariableDoesNotExist: Failed lookup for key [show] in [{'True': True, 'False': False, 'None': None, 'csrf_token': <SimpleLazyObject: <function csrf.<locals>._get_val at 0x7fd4d5d0aa60>>}]
Exception while resolving variable 'is_multipart' in template 'admin/change_list.html'.
Traceback (most recent call last):
  File "/var/lib/digivalet/digiutils_new/pms/myvenv/lib/python3.6/site-packages/django/template/base.py", line 829, in _resolve_lookup
    current = current[bit]
TypeError: 'NoneType' object is not subscriptable

During handling of the above exception, another exception occurred:

Traceback (most recent call last):
  File "/var/lib/digivalet/digiutils_new/pms/myvenv/lib/python3.6/site-packages/django/template/base.py", line 837, in _resolve_lookup
    current = getattr(current, bit)
AttributeError: 'NoneType' object has no attribute 'is_multipart'

During handling of the above exception, another exception occurred:

Traceback (most recent call last):
  File "/var/lib/digivalet/digiutils_new/pms/myvenv/lib/python3.6/site-packages/django/template/base.py", line 843, in _resolve_lookup
    current = current[int(bit)]
ValueError: invalid literal for int() with base 10: 'is_multipart'

During handling of the above exception, another exception occurred:

Traceback (most recent call last):
  File "/var/lib/digivalet/digiutils_new/pms/myvenv/lib/python3.6/site-packages/django/template/base.py", line 850, in _resolve_lookup
    (bit, current))  # missing attribute
django.template.base.VariableDoesNotExist: Failed lookup for key [is_multipart] in None
"GET /admin/gitpull/sshauth/ HTTP/1.1" 200 3187
(0.001) SELECT "django_session"."session_key", "django_session"."session_data", "django_session"."expire_date" FROM "django_session" WHERE ("django_session"."expire_date" > '2020-02-10 05:08:14.794940' AND "django_session"."session_key" = 'zbtc76vc0tlrsz9fy9gf1bp8xjzt93sn'); args=('2020-02-10 05:08:14.794940', 'zbtc76vc0tlrsz9fy9gf1bp8xjzt93sn')
(0.000) SELECT "auth_user"."id", "auth_user"."password", "auth_user"."last_login", "auth_user"."is_superuser", "auth_user"."username", "auth_user"."first_name", "auth_user"."last_name", "auth_user"."email", "auth_user"."is_staff", "auth_user"."is_active", "auth_user"."date_joined" FROM "auth_user" WHERE "auth_user"."id" = 1; args=(1,)
"GET /admin/jsi18n/ HTTP/1.1" 200 3185
"GET /static/admin/css/changelists.css HTTP/1.1" 304 0
"GET /static/admin/css/base.css HTTP/1.1" 304 0
"GET /static/admin/js/core.js HTTP/1.1" 304 0
"GET /static/admin/js/vendor/jquery/jquery.js HTTP/1.1" 304 0
"GET /static/admin/js/admin/RelatedObjectLookups.js HTTP/1.1" 304 0
"GET /static/admin/js/actions.js HTTP/1.1" 304 0
"GET /static/admin/js/jquery.init.js HTTP/1.1" 304 0
"GET /static/admin/js/urlify.js HTTP/1.1" 304 0
"GET /static/admin/css/responsive.css HTTP/1.1" 304 0
"GET /static/admin/js/vendor/xregexp/xregexp.js HTTP/1.1" 304 0
"GET /static/admin/js/prepopulate.js HTTP/1.1" 304 0
"GET /static/admin/css/fonts.css HTTP/1.1" 304 0
"GET /static/admin/fonts/Roboto-Regular-webfont.woff HTTP/1.1" 304 0
"GET /static/admin/fonts/Roboto-Light-webfont.woff HTTP/1.1" 304 0
"GET /static/admin/fonts/Roboto-Bold-webfont.woff HTTP/1.1" 304 0
"GET /static/admin/img/tooltag-add.svg HTTP/1.1" 304 0
